app/build/intermediates/manifest_merge_blame_file/debug/processDebugMainManifest/manifest-merger-blame-debug-report.txt
1<?xml version="1.0" encoding="utf-8"?>
2<manifest xmlns:android="http://schemas.android.com/apk/res/android"
3    package="com.ifs.stoppai"
4    android:versionCode="63"
5    android:versionName="4.9.2-Cursor-Fix" >
6
7    <uses-sdk
8        android:minSdkVersion="26"
9        android:targetSdkVersion="34" />
10
11    <uses-permission android:name="android.permission.READ_CONTACTS" />
11-->STOPPAI\app\AndroidManifest.xml:5:5-72
11-->STOPPAI\app\AndroidManifest.xml:5:22-69
12    <uses-permission android:name="android.permission.READ_PHONE_STATE" />
12-->STOPPAI\app\AndroidManifest.xml:6:5-75
12-->STOPPAI\app\AndroidManifest.xml:6:22-72
13    <uses-permission android:name="android.permission.READ_PHONE_NUMBERS" />
13-->STOPPAI\app\AndroidManifest.xml:7:5-77
13-->STOPPAI\app\AndroidManifest.xml:7:22-74
14    <uses-permission android:name="android.permission.FOREGROUND_SERVICE" />
14-->STOPPAI\app\AndroidManifest.xml:8:5-77
14-->STOPPAI\app\AndroidManifest.xml:8:22-74
15    <uses-permission android:name="android.permission.CALL_PHONE" />
15-->STOPPAI\app\AndroidManifest.xml:9:5-69
15-->STOPPAI\app\AndroidManifest.xml:9:22-66
16    <uses-permission android:name="android.permission.ACCESS_NOTIFICATION_POLICY" />
16-->STOPPAI\app\AndroidManifest.xml:10:5-85
16-->STOPPAI\app\AndroidManifest.xml:10:22-82
17    <uses-permission android:name="android.permission.POST_NOTIFICATIONS" />
17-->STOPPAI\app\AndroidManifest.xml:11:5-77
17-->STOPPAI\app\AndroidManifest.xml:11:22-74
18    <uses-permission android:name="android.permission.WRITE_SETTINGS" />
18-->STOPPAI\app\AndroidManifest.xml:12:5-156
18-->STOPPAI\app\AndroidManifest.xml:12:22-70
19    <uses-permission android:name="android.permission.ANSWER_PHONE_CALLS" />
19-->STOPPAI\app\AndroidManifest.xml:14:5-77
19-->STOPPAI\app\AndroidManifest.xml:14:22-74
20    <uses-permission android:name="android.permission.READ_CALL_LOG" />
20-->STOPPAI\app\AndroidManifest.xml:15:5-72
20-->STOPPAI\app\AndroidManifest.xml:15:22-69
21    <uses-permission android:name="android.permission.SEND_SMS" />
21-->STOPPAI\app\AndroidManifest.xml:16:5-67
21-->STOPPAI\app\AndroidManifest.xml:16:22-64
22    <uses-permission android:name="android.permission.RECEIVE_SMS" />
22-->STOPPAI\app\AndroidManifest.xml:17:5-70
22-->STOPPAI\app\AndroidManifest.xml:17:22-67
23
24    <permission
24-->[androidx.core:core:1.12.0] AndroidManifest.xml:22:5-24:47
25        android:name="com.ifs.stoppai.DYNAMIC_RECEIVER_NOT_EXPORTED_PERMISSION"
25-->[androidx.core:core:1.12.0] AndroidManifest.xml:23:9-81
26        android:protectionLevel="signature" />
26-->[androidx.core:core:1.12.0] AndroidManifest.xml:24:9-44
27
28    <uses-permission android:name="com.ifs.stoppai.DYNAMIC_RECEIVER_NOT_EXPORTED_PERMISSION" />
28-->[androidx.core:core:1.12.0] AndroidManifest.xml:26:5-97
28-->[androidx.core:core:1.12.0] AndroidManifest.xml:26:22-94
29
30    <application
30-->STOPPAI\app\AndroidManifest.xml:19:5-54:19
31        android:name="com.ifs.stoppai.core.StoppAiApp"
31-->STOPPAI\app\AndroidManifest.xml:20:9-40
32        android:allowBackup="true"
32-->STOPPAI\app\AndroidManifest.xml:21:9-35
33        android:appComponentFactory="androidx.core.app.CoreComponentFactory"
33-->[androidx.core:core:1.12.0] AndroidManifest.xml:28:18-86
34        android:debuggable="true"
35        android:extractNativeLibs="false"
36        android:icon="@drawable/ic_shield_logo"
36-->STOPPAI\app\AndroidManifest.xml:22:9-48
37        android:label="StoppAI"
37-->STOPPAI\app\AndroidManifest.xml:24:9-32
38        android:roundIcon="@drawable/ic_shield_logo"
38-->STOPPAI\app\AndroidManifest.xml:23:9-53
39        android:supportsRtl="true"
39-->STOPPAI\app\AndroidManifest.xml:25:9-35
40        android:theme="@style/Theme.StoppAI" >
40-->STOPPAI\app\AndroidManifest.xml:26:9-45
41        <activity
41-->STOPPAI\app\AndroidManifest.xml:28:9-35:20
42            android:name="com.ifs.stoppai.ui.MainActivity"
42-->STOPPAI\app\AndroidManifest.xml:29:13-44
43            android:exported="true" >
43-->STOPPAI\app\AndroidManifest.xml:30:13-36
44            <intent-filter>
44-->STOPPAI\app\AndroidManifest.xml:31:13-34:29
45                <action android:name="android.intent.action.MAIN" />
45-->STOPPAI\app\AndroidManifest.xml:32:17-69
45-->STOPPAI\app\AndroidManifest.xml:32:25-66
46
47                <category android:name="android.intent.category.LAUNCHER" />
47-->STOPPAI\app\AndroidManifest.xml:33:17-77
47-->STOPPAI\app\AndroidManifest.xml:33:27-74
48            </intent-filter>
49        </activity>
50
51        <service
51-->STOPPAI\app\AndroidManifest.xml:37:9-44:19
52            android:name="com.ifs.stoppai.core.CallScreeningServiceImpl"
52-->STOPPAI\app\AndroidManifest.xml:38:13-58
53            android:exported="true"
53-->STOPPAI\app\AndroidManifest.xml:40:13-36
54            android:permission="android.permission.BIND_SCREENING_SERVICE" >
54-->STOPPAI\app\AndroidManifest.xml:39:13-75
55            <intent-filter>
55-->STOPPAI\app\AndroidManifest.xml:41:13-43:29
56                <action android:name="android.telecom.CallScreeningService" />
56-->STOPPAI\app\AndroidManifest.xml:42:17-79
56-->STOPPAI\app\AndroidManifest.xml:42:25-76
57            </intent-filter>
58        </service>
59
60        <receiver
60-->STOPPAI\app\AndroidManifest.xml:46:9-53:20
61            android:name="com.ifs.stoppai.core.SmsRispostaReceiver"
61-->STOPPAI\app\AndroidManifest.xml:47:13-53
62            android:exported="true"
62-->STOPPAI\app\AndroidManifest.xml:49:13-36
63            android:permission="android.permission.BROADCAST_SMS" >
63-->STOPPAI\app\AndroidManifest.xml:48:13-66
64            <intent-filter android:priority="999" >
64-->STOPPAI\app\AndroidManifest.xml:50:13-52:29
64-->STOPPAI\app\AndroidManifest.xml:50:28-50
65                <action android:name="android.provider.Telephony.SMS_RECEIVED" />
65-->STOPPAI\app\AndroidManifest.xml:51:17-82
65-->STOPPAI\app\AndroidManifest.xml:51:25-79
66            </intent-filter>
67        </receiver>
68
69        <provider
69-->[androidx.emoji2:emoji2:1.2.0] AndroidManifest.xml:24:9-32:20
70            android:name="androidx.startup.InitializationProvider"
70-->[androidx.emoji2:emoji2:1.2.0] AndroidManifest.xml:25:13-67
71            android:authorities="com.ifs.stoppai.androidx-startup"
71-->[androidx.emoji2:emoji2:1.2.0] AndroidManifest.xml:26:13-68
72            android:exported="false" >
72-->[androidx.emoji2:emoji2:1.2.0] AndroidManifest.xml:27:13-37
73            <meta-data
73-->[androidx.emoji2:emoji2:1.2.0] AndroidManifest.xml:29:13-31:52
74                android:name="androidx.emoji2.text.EmojiCompatInitializer"
74-->[androidx.emoji2:emoji2:1.2.0] AndroidManifest.xml:30:17-75
75                android:value="androidx.startup" />
75-->[androidx.emoji2:emoji2:1.2.0] AndroidManifest.xml:31:17-49
76            <meta-data
76-->[androidx.lifecycle:lifecycle-process:2.7.0] AndroidManifest.xml:29:13-31:52
77                android:name="androidx.lifecycle.ProcessLifecycleInitializer"
77-->[androidx.lifecycle:lifecycle-process:2.7.0] AndroidManifest.xml:30:17-78
78                android:value="androidx.startup" />
78-->[androidx.lifecycle:lifecycle-process:2.7.0] AndroidManifest.xml:31:17-49
79            <meta-data
79-->[androidx.profileinstaller:profileinstaller:1.3.0] AndroidManifest.xml:29:13-31:52
80                android:name="androidx.profileinstaller.ProfileInstallerInitializer"
80-->[androidx.profileinstaller:profileinstaller:1.3.0] AndroidManifest.xml:30:17-85
81                android:value="androidx.startup" />
81-->[androidx.profileinstaller:profileinstaller:1.3.0] AndroidManifest.xml:31:17-49
82        </provider>
83
84        <service
84-->[androidx.room:room-runtime:2.6.1] AndroidManifest.xml:24:9-28:63
85            android:name="androidx.room.MultiInstanceInvalidationService"
85-->[androidx.room:room-runtime:2.6.1] AndroidManifest.xml:25:13-74
86            android:directBootAware="true"
86-->[androidx.room:room-runtime:2.6.1] AndroidManifest.xml:26:13-43
87            android:exported="false" />
87-->[androidx.room:room-runtime:2.6.1] AndroidManifest.xml:27:13-37
88
89        <receiver
89-->[androidx.profileinstaller:profileinstaller:1.3.0] AndroidManifest.xml:34:9-52:20
90            android:name="androidx.profileinstaller.ProfileInstallReceiver"
90-->[androidx.profileinstaller:profileinstaller:1.3.0] AndroidManifest.xml:35:13-76
91            android:directBootAware="false"
91-->[androidx.profileinstaller:profileinstaller:1.3.0] AndroidManifest.xml:36:13-44
92            android:enabled="true"
92-->[androidx.profileinstaller:profileinstaller:1.3.0] AndroidManifest.xml:37:13-35
93            android:exported="true"
93-->[androidx.profileinstaller:profileinstaller:1.3.0] AndroidManifest.xml:38:13-36
94            android:permission="android.permission.DUMP" >
94-->[androidx.profileinstaller:profileinstaller:1.3.0] AndroidManifest.xml:39:13-57
95            <intent-filter>
95-->[androidx.profileinstaller:profileinstaller:1.3.0] AndroidManifest.xml:40:13-42:29
96                <action android:name="androidx.profileinstaller.action.INSTALL_PROFILE" />
96-->[androidx.profileinstaller:profileinstaller:1.3.0] AndroidManifest.xml:41:17-91
96-->[androidx.profileinstaller:profileinstaller:1.3.0] AndroidManifest.xml:41:25-88
97            </intent-filter>
98            <intent-filter>
98-->[androidx.profileinstaller:profileinstaller:1.3.0] AndroidManifest.xml:43:13-45:29
99                <action android:name="androidx.profileinstaller.action.SKIP_FILE" />
99-->[androidx.profileinstaller:profileinstaller:1.3.0] AndroidManifest.xml:44:17-85
99-->[androidx.profileinstaller:profileinstaller:1.3.0] AndroidManifest.xml:44:25-82
100            </intent-filter>
101            <intent-filter>
101-->[androidx.profileinstaller:profileinstaller:1.3.0] AndroidManifest.xml:46:13-48:29
102                <action android:name="androidx.profileinstaller.action.SAVE_PROFILE" />
102-->[androidx.profileinstaller:profileinstaller:1.3.0] AndroidManifest.xml:47:17-88
102-->[androidx.profileinstaller:profileinstaller:1.3.0] AndroidManifest.xml:47:25-85
103            </intent-filter>
104            <intent-filter>
104-->[androidx.profileinstaller:profileinstaller:1.3.0] AndroidManifest.xml:49:13-51:29
105                <action android:name="androidx.profileinstaller.action.BENCHMARK_OPERATION" />
105-->[androidx.profileinstaller:profileinstaller:1.3.0] AndroidManifest.xml:50:17-95
105-->[androidx.profileinstaller:profileinstaller:1.3.0] AndroidManifest.xml:50:25-92
106            </intent-filter>
107        </receiver>
108    </application>
109
110</manifest>